<?xml version="1.0" encoding="UTF-8"?>
<testsuite name="TestMain" tests="2" skipped="0" failures="0" errors="0" timestamp="2022-10-12T17:31:23" hostname="DESKTOP-IG2TF1O" time="0.048">
  <properties/>
  <testcase name="serializeTest()" classname="TestMain" time="0.045"/>
  <testcase name="deserializeTest()" classname="TestMain" time="0.002"/>
  <system-out><![CDATA[]]></system-out>
  <system-err><![CDATA[]]></system-err>
</testsuite>
